[0m
[0m [0m [0m [0m [0m [0m [0m [0m [0m [0m [0m [0m [0m [0m [0m [0m [0m [0m [0m [0m [0m [0m [0m [0m [0m [0m [0m [0m [0m [0m [0m [0m [0m [0m [0m [0m [0m [0m [0m [0m [0m [0m [0m [0m [0m [0m [0m [0m [0m [0m [0m [0m [0m [0m [0m [0m [0m [0m [0m [48;5;255m [48;5;255m [0m [0m [0m [0m [0m [0m [0m [0m [0m [0m [0m [0m
[0m [0m [0m [0m [0m [0m [0m [0m [0m [0m [0m [0m [0m [0m [0m [0m [0m [0m [0m [0m [0m [0m [0m [0m [0m [0m [0m [0m [0m [0m [0m [0m [0m [0m [0m [0m [0m [0m [0m [0m [0m [0m [0m [0m [0m [0m [0m [0m [0m [0m [0m [0m [0m [0m [0m [0m [0m [0m [0m [48;5;255m [48;5;255m [0m [0m [0m [0m [0m [0m [0m [0m [0m [0m [0m [0m
[0m [0m [0m [0m [0m [0m [0m [0m [0m [0m [0m [0m [0m [0m [0m [0m [0m [0m [0m [0m [0m [0m [0m [0m [0m [0m [0m [0m [0m [0m [0m [0m [0m [0m [0m [0m [0m [0m [0m [0m [0m [0m [0m [0m [0m [0m [0m [0m [0m [0m [0m [0m [0m [0m [0m [0m [0m [0m [0m [48;5;255m [48;5;255m [0m [0m [0m [0m [0m [0m [0m [0m [0m [0m [0m [0m
[48;5;255m [48;5;255m [48;5;255m [48;5;255m [48;5;255m [48;5;255m [48;5;255m [0m [0m [48;5;255m [48;5;255m [48;5;255m [48;5;255m [48;5;255m [48;5;255m [48;5;255m [48;5;255m [0m [0m [48;5;255m [48;5;255m [48;5;255m [48;5;255m [48;5;255m [48;5;255m [48;5;255m [48;5;255m [48;5;255m [48;5;255m [48;5;255m [48;5;255m [0m [0m [48;5;255m [48;5;255m [48;5;255m [48;5;255m [48;5;255m [48;5;255m [48;5;255m [48;5;255m [0m [0m [48;5;255m [48;5;255m [48;5;255m [48;5;255m [48;5;255m [48;5;255m [48;5;255m [48;5;255m [0m [0m [48;5;255m [48;5;255m [48;5;255m [48;5;255m [48;5;255m [48;5;255m [48;5;255m [48;5;255m [0m [0m [48;5;255m [48;5;255m [48;5;255m [48;5;255m [48;5;255m [48;5;255m [48;5;255m [48;5;255m [0m [0m [48;5;255m [48;5;255m [48;5;255m [48;5;255m [48;5;255m [48;5;255m [48;5;255m [48;5;255m [0m
[48;5;255m [48;5;255m [0m [0m [0m [0m [0m [0m [0m [48;5;255m [48;5;255m [0m [0m [0m [0m [48;5;255m [48;5;255m [0m [0m [48;5;255m [48;5;255m [0m [0m [0m [48;5;255m [48;5;255m [0m [0m [0m [48;5;255m [48;5;255m [0m [0m [48;5;255m [48;5;255m [0m [0m [0m [0m [48;5;255m [48;5;255m [0m [0m [48;5;255m [48;5;255m [0m [0m [0m [0m [48;5;255m [48;5;255m [0m [0m [48;5;255m [48;5;255m [0m [0m [0m [0m [48;5;255m [48;5;255m [0m [0m [48;5;255m [48;5;255m [0m [0m [0m [0m [48;5;255m [48;5;255m [0m [0m [48;5;255m [48;5;255m [0m
[48;5;255m [48;5;255m [0m [0m [0m [0m [0m [0m [0m [48;5;255m [48;5;255m [0m [0m [0m [0m [48;5;255m [48;5;255m [0m [0m [48;5;255m [48;5;255m [0m [0m [0m [48;5;255m [48;5;255m [0m [0m [0m [48;5;255m [48;5;255m [0m [0m [48;5;255m [48;5;255m [0m [0m [0m [0m [48;5;255m [48;5;255m [0m [0m [48;5;255m [48;5;255m [0m [0m [0m [0m [48;5;255m [48;5;255m [0m [0m [48;5;255m [48;5;255m [0m [0m [0m [0m [48;5;255m [48;5;255m [0m [0m [48;5;255m [48;5;255m [0m [0m [0m [0m [48;5;255m [48;5;255m [0m [0m [48;5;255m [48;5;255m [0m
[48;5;255m [48;5;255m [0m [0m [0m [0m [0m [0m [0m [48;5;255m [48;5;255m [0m [0m [0m [0m [48;5;255m [48;5;255m [0m [0m [48;5;255m [48;5;255m [0m [0m [0m [48;5;255m [48;5;255m [0m [0m [0m [48;5;255m [48;5;255m [0m [0m [48;5;255m [48;5;255m [0m [0m [0m [0m [48;5;255m [48;5;255m [0m [0m [48;5;255m [48;5;255m [0m [0m [0m [0m [48;5;255m [48;5;255m [0m [0m [48;5;255m [48;5;255m [0m [0m [0m [0m [48;5;255m [48;5;255m [0m [0m [48;5;255m [48;5;255m [0m [0m [0m [0m [48;5;255m [48;5;255m [0m [0m [48;5;255m [48;5;255m [0m
[48;5;255m [48;5;255m [48;5;255m [48;5;255m [48;5;255m [48;5;255m [48;5;255m [0m [0m [48;5;255m [48;5;255m [48;5;255m [48;5;255m [48;5;255m [48;5;255m [48;5;255m [48;5;255m [0m [0m [48;5;255m [48;5;255m [0m [0m [0m [48;5;255m [48;5;255m [0m [0m [0m [48;5;255m [48;5;255m [0m [0m [48;5;255m [48;5;255m [48;5;255m [48;5;255m [48;5;255m [48;5;255m [48;5;255m [48;5;255m [0m [0m [48;5;255m [48;5;255m [48;5;255m [48;5;255m [48;5;255m [48;5;255m [48;5;255m [48;5;255m [0m [0m [48;5;255m [48;5;255m [48;5;255m [48;5;255m [48;5;255m [48;5;255m [48;5;255m [48;5;255m [0m [0m [48;5;255m [48;5;255m [48;5;255m [48;5;255m [48;5;255m [48;5;255m [48;5;255m [48;5;255m [0m [0m [48;5;255m [48;5;255m [48;5;255m [48;5;255m [48;5;255m [48;5;255m [48;5;255m [48;5;255m [0m
[0m [0m [0m [0m [0m [0m [0m [0m [0m [0m [0m [0m [0m [0m [0m [0m [0m [0m [0m [0m [0m [0m [0m [0m [0m [0m [0m [0m [0m [0m [0m [0m [0m [48;5;255m [48;5;255m [0m [0m [0m [0m [0m [0m [0m [0m [0m [0m [0m [0m
[0m [0m [0m [0m [0m [0m [0m [0m [0m [0m [0m [0m [0m [0m [0m [0m [0m [0m [0m [0m [0m [0m [0m [0m [0m [0m [0m [0m [0m [0m [0m [0m [0m [48;5;255m [48;5;255m [0m [0m [0m [0m [0m [0m [0m [0m [0m [0m [0m [0m
[0m [0m [0m [0m [0m [0m [0m [0m [0m [0m [0m [0m [0m [0m [0m [0m [0m [0m [0m [0m [0m [0m [0m [0m [0m [0m [0m [0m [0m [0m [0m [0m [0m [48;5;255m [48;5;255m [0m [0m [0m [0m [0m [0m [0m [0m [0m [0m [0m [0m

1.1.21

TypeScript version used by Compodoc : 5.0.2

TypeScript version of current project : 5.0.2

Node.js version : v16.14.2

Operating system : Windows 10

[09:20:06] No configuration file found, switching to CLI flags.
[09:20:06] Using tsconfig file : D:\Angular_App\Storybook_with_store\.storybook\tsconfig.json
[09:20:06] Including      : D:/Angular_App/Storybook_with_store/.storybook/preview.ts
[09:20:06] Excluding      : D:/Angular_App/Storybook_with_store/src/favicon.ico
[09:20:06] Excluding      : D:/Angular_App/Storybook_with_store/src/index.html
[09:20:06] Including      : D:/Angular_App/Storybook_with_store/src/main.ts
[09:20:06] Excluding      : D:/Angular_App/Storybook_with_store/src/styles.css
[09:20:06] Including      : D:/Angular_App/Storybook_with_store/src/app/app-routing.module.ts
[09:20:06] Excluding      : D:/Angular_App/Storybook_with_store/src/app/app.component.css
[09:20:06] Excluding      : D:/Angular_App/Storybook_with_store/src/app/app.component.html
[09:20:06] Including      : D:/Angular_App/Storybook_with_store/src/app/app.component.ts
[09:20:06] Including      : D:/Angular_App/Storybook_with_store/src/app/app.module.ts
[09:20:06] Excluding      : D:/Angular_App/Storybook_with_store/src/assets/angularcomp.md
[09:20:06] Excluding      : D:/Angular_App/Storybook_with_store/src/assets/Testing.md
[09:20:06] Including      : D:/Angular_App/Storybook_with_store/src/environments/environment.prod.ts
[09:20:06] Including      : D:/Angular_App/Storybook_with_store/src/environments/environment.ts
[09:20:06] Including      : D:/Angular_App/Storybook_with_store/src/app/components/task.module.ts
[09:20:06] Excluding      : D:/Angular_App/Storybook_with_store/src/app/hide/hide.component.html
[09:20:06] Including      : D:/Angular_App/Storybook_with_store/src/app/hide/hide.component.ts
[09:20:06] Including      : D:/Angular_App/Storybook_with_store/src/app/hide/hide.stories.ts
[09:20:06] Excluding      : D:/Angular_App/Storybook_with_store/src/app/markdown/markdown.component.html
[09:20:06] Including      : D:/Angular_App/Storybook_with_store/src/app/markdown/markdown.component.ts
[09:20:06] Including      : D:/Angular_App/Storybook_with_store/src/app/markdown/markdown.stories.ts
[09:20:06] Excluding      : D:/Angular_App/Storybook_with_store/src/app/mermaid/mermaid.component.html
[09:20:06] Including      : D:/Angular_App/Storybook_with_store/src/app/mermaid/mermaid.component.ts
[09:20:06] Including      : D:/Angular_App/Storybook_with_store/src/app/mermaid/mermaid.stories.ts
[09:20:06] Including      : D:/Angular_App/Storybook_with_store/src/app/models/task.model.ts
[09:20:06] Excluding      : D:/Angular_App/Storybook_with_store/src/app/ngxs/ngxs.component.html
[09:20:06] Including      : D:/Angular_App/Storybook_with_store/src/app/ngxs/ngxs.component.ts
[09:20:06] Including      : D:/Angular_App/Storybook_with_store/src/app/ngxs/ngxs.stories.ts
[09:20:06] Including      : D:/Angular_App/Storybook_with_store/src/app/state/task.state.ts
[09:20:06] Including      : D:/Angular_App/Storybook_with_store/src/app/state/tasklist.state.ts
[09:20:06] Excluding      : D:/Angular_App/Storybook_with_store/src/app/storybook-design/storybook-design.component.html
[09:20:06] Including      : D:/Angular_App/Storybook_with_store/src/app/storybook-design/storybook-design.component.ts
[09:20:06] Including      : D:/Angular_App/Storybook_with_store/src/app/storybook-design/storybook-design.stories.ts
[09:20:06] Excluding      : D:/Angular_App/Storybook_with_store/src/app/youtube/youtube.component.html
[09:20:06] Including      : D:/Angular_App/Storybook_with_store/src/app/youtube/youtube.component.ts
[09:20:06] Including      : D:/Angular_App/Storybook_with_store/src/app/youtube/youtube.stories.ts
[09:20:06] Excluding      : D:/Angular_App/Storybook_with_store/src/assets/font/OpenSans-Light-webfont.eot
[09:20:06] Excluding      : D:/Angular_App/Storybook_with_store/src/assets/font/OpenSans-Light-webfont.svg
[09:20:06] Excluding      : D:/Angular_App/Storybook_with_store/src/assets/font/OpenSans-Light-webfont.ttf
[09:20:06] Excluding      : D:/Angular_App/Storybook_with_store/src/assets/font/OpenSans-Light-webfont.woff
[09:20:06] Excluding      : D:/Angular_App/Storybook_with_store/src/assets/font/OpenSans-Regular-webfont.eot
[09:20:06] Excluding      : D:/Angular_App/Storybook_with_store/src/assets/font/OpenSans-Regular-webfont.svg
[09:20:06] Excluding      : D:/Angular_App/Storybook_with_store/src/assets/font/OpenSans-Regular-webfont.ttf
[09:20:06] Excluding      : D:/Angular_App/Storybook_with_store/src/assets/font/OpenSans-Regular-webfont.woff
[09:20:06] Excluding      : D:/Angular_App/Storybook_with_store/src/assets/icon/percolate.eot
[09:20:06] Excluding      : D:/Angular_App/Storybook_with_store/src/assets/icon/percolate.svg
[09:20:06] Excluding      : D:/Angular_App/Storybook_with_store/src/assets/icon/percolate.ttf
[09:20:06] Excluding      : D:/Angular_App/Storybook_with_store/src/assets/icon/percolate.woff
[09:20:06] Including      : D:/Angular_App/Storybook_with_store/src/app/components/inbox-screen/inbox-screen.component.ts
[09:20:06] Including      : D:/Angular_App/Storybook_with_store/src/app/components/pure-inbox-screen/pure-inbox-screen.component.ts
[09:20:06] Excluding      : D:/Angular_App/Storybook_with_store/src/app/components/pure-inbox-screen/pure-inbox-screen.mdx
[09:20:06] Including      : D:/Angular_App/Storybook_with_store/src/app/components/pure-inbox-screen/pure-inbox-screen.stories.ts
[09:20:06] Excluding      : D:/Angular_App/Storybook_with_store/src/app/components/pure-task/pure-task.component.css
[09:20:06] Excluding      : D:/Angular_App/Storybook_with_store/src/app/components/pure-task/pure-task.component.html
[09:20:06] Including      : D:/Angular_App/Storybook_with_store/src/app/components/pure-task/pure-task.component.ts
[09:20:06] Excluding      : D:/Angular_App/Storybook_with_store/src/app/components/pure-task/task.mdx
[09:20:06] Including      : D:/Angular_App/Storybook_with_store/src/app/components/pure-task/task.stories.ts
[09:20:06] Excluding      : D:/Angular_App/Storybook_with_store/src/app/components/pure-tasklist/pure-tasklist.component.css
[09:20:06] Excluding      : D:/Angular_App/Storybook_with_store/src/app/components/pure-tasklist/pure-tasklist.component.html
[09:20:06] Including      : D:/Angular_App/Storybook_with_store/src/app/components/pure-tasklist/pure-tasklist.component.ts
[09:20:06] Excluding      : D:/Angular_App/Storybook_with_store/src/app/components/pure-tasklist/pure-tasklist.mdx
[09:20:06] Including      : D:/Angular_App/Storybook_with_store/src/app/components/pure-tasklist/pure-tasklist.stories.ts
[09:20:06] Excluding      : D:/Angular_App/Storybook_with_store/src/app/components/task/task.component.css
[09:20:06] Excluding      : D:/Angular_App/Storybook_with_store/src/app/components/task/task.component.html
[09:20:06] Including      : D:/Angular_App/Storybook_with_store/src/app/components/task/task.component.ts
[09:20:06] Excluding      : D:/Angular_App/Storybook_with_store/src/app/components/tasklist/tasklist.component.css
[09:20:06] Including      : D:/Angular_App/Storybook_with_store/src/app/components/tasklist/tasklist.component.ts
[09:20:06] Searching package.json file
[09:20:06] package.json file found
[09:20:06] Processing package.json dependencies
[09:20:06] Searching README.md, CHANGELOG.md, CONTRIBUTING.md, LICENSE.md, TODO.md files
[09:20:06] README.md file found
[09:20:06] Error during D:\Angular_App\Storybook_with_store\CHANGELOG read
[09:20:06] Continuing without CHANGELOG.md file
[09:20:06] Error during D:\Angular_App\Storybook_with_store\CONTRIBUTING read
[09:20:06] Continuing without CONTRIBUTING.md file
[09:20:06] Error during D:\Angular_App\Storybook_with_store\LICENSE read
[09:20:06] Continuing without LICENSE.md file
[09:20:06] Error during D:\Angular_App\Storybook_with_store\TODO read
[09:20:06] Continuing without TODO.md file
[09:20:06] Get dependencies data
[09:20:06] parsing        : D:/Angular_App/Storybook_with_store/.storybook/preview.ts
[09:20:06] found          : preview
[09:20:06] parsing        : D:/Angular_App/Storybook_with_store/src/main.ts
[09:20:06] parsing        : D:/Angular_App/Storybook_with_store/src/app/app-routing.module.ts
[09:20:06] Analysing routes definitions and clean them if necessary
[09:20:06] found          : AppRoutingModule
[09:20:06]                : - imports:
[09:20:06]                : 	- RouterModule
[09:20:06]                : - exports:
[09:20:06]                : 	- RouterModule
[09:20:06] parsing        : D:/Angular_App/Storybook_with_store/src/app/app.component.ts
[09:20:06] found          : AppComponent
[09:20:06] parsing        : D:/Angular_App/Storybook_with_store/src/app/app.module.ts
[09:20:06] found          : AppModule
[09:20:06]                : - imports:
[09:20:06]                : 	- BrowserModule
[09:20:06]                : 	- AppRoutingModule
[09:20:06]                : 	- TaskModule
[09:20:06]                : 	- HttpClientModule
[09:20:06]                : 	- MarkdownModule
[09:20:06]                : 	- NgxsModule
[09:20:06]                : 	- NgxsReduxDevtoolsPluginModule
[09:20:06]                : 	- NgxsLoggerPluginModule
[09:20:06]                : - declarations:
[09:20:06]                : 	- AppComponent
[09:20:06]                : 	- PureInboxScreenComponent
[09:20:06]                : 	- InboxScreenComponent
[09:20:06]                : 	- MarkdownComponent
[09:20:06]                : 	- MermaidComponent
[09:20:06]                : 	- YoutubeComponent
[09:20:06]                : 	- StorybookDesignComponent
[09:20:06]                : 	- HideComponent
[09:20:06]                : 	- NgxsComponent
[09:20:06]                : - bootstrap:
[09:20:06]                : 	- AppComponent
[09:20:06] parsing        : D:/Angular_App/Storybook_with_store/src/environments/environment.prod.ts
[09:20:06] found          : environment
[09:20:06] parsing        : D:/Angular_App/Storybook_with_store/src/environments/environment.ts
[09:20:06] found          : environment
[09:20:06] parsing        : D:/Angular_App/Storybook_with_store/src/app/components/task.module.ts
[09:20:06] found          : TaskModule
[09:20:06]                : - imports:
[09:20:06]                : 	- CommonModule
[09:20:06]                : 	- NgxsModule
[09:20:06]                : - exports:
[09:20:06]                : 	- PureTaskComponent
[09:20:06]                : 	- TaskListComponent
[09:20:06]                : 	- TaskComponent
[09:20:06]                : - declarations:
[09:20:06]                : 	- PureTaskComponent
[09:20:06]                : 	- TaskListComponent
[09:20:06]                : 	- PureTaskListComponent
[09:20:06]                : 	- TaskComponent
[09:20:06] parsing        : D:/Angular_App/Storybook_with_store/src/app/hide/hide.component.ts
[09:20:06] found          : HideComponent
[09:20:06] parsing        : D:/Angular_App/Storybook_with_store/src/app/hide/hide.stories.ts
[09:20:06] found          : metaDetail
[09:20:06] found          : StoryDetail
[09:20:06] found          : SimpleTaskMermaid
[09:20:06] found          : TaskListMermaid
[09:20:06] found          : PureInboxMermaid
[09:20:06] parsing        : D:/Angular_App/Storybook_with_store/src/app/markdown/markdown.component.ts
[09:20:06] found          : MarkdownComponent
[09:20:06] parsing        : D:/Angular_App/Storybook_with_store/src/app/markdown/markdown.stories.ts
[09:20:06] found          : metaDetail
[09:20:06] found          : StoryDetail
[09:20:06] found          : actionsData
[09:20:06] found          : MarkdownFromTemplate
[09:20:06] found          : MarkdownFromComponent
[09:20:06] found          : MarkdownFromsrc
[09:20:06] found          : ShowCommandline
[09:20:06] found          : ShowClipboard
[09:20:06] parsing        : D:/Angular_App/Storybook_with_store/src/app/mermaid/mermaid.component.ts
[09:20:06] found          : MermaidComponent
[09:20:06] parsing        : D:/Angular_App/Storybook_with_store/src/app/mermaid/mermaid.stories.ts
[09:20:06] found          : metaDetail
[09:20:06] found          : StoryDetail
[09:20:06] found          : MermaidFromTemplate
[09:20:06] found          : MermaidFromComponent
[09:20:06] found          : MermaidFromSrc
[09:20:06] found          : MermaidSubgraph
[09:20:06] found          : MermaidAttachClass
[09:20:06] found          : MermaidSimpleform
[09:20:06] found          : MermaidCustomColors
[09:20:06] found          : MermaidFontawesome
[09:20:06] found          : MermaidThemes
[09:20:06] parsing        : D:/Angular_App/Storybook_with_store/src/app/models/task.model.ts
[09:20:06] found          : Task
[09:20:06] parsing        : D:/Angular_App/Storybook_with_store/src/app/ngxs/ngxs.component.ts
[09:20:06] found          : NgxsComponent
[09:20:06] parsing        : D:/Angular_App/Storybook_with_store/src/app/ngxs/ngxs.stories.ts
[09:20:06] found          : metaDetail
[09:20:06] found          : StoryDetail
[09:20:06] found          : actionsData
[09:20:06] found          : Installation
[09:20:06] found          : Create_Store
[09:20:06] found          : Create_Action
[09:20:06] found          : Create_State
[09:20:06] found          : Create_Html
[09:20:06] parsing        : D:/Angular_App/Storybook_with_store/src/app/state/task.state.ts
[09:20:06] found          : defaultTasks
[09:20:06] found          : TaskStateModel
[09:20:06] found          : TaskState
[09:20:06] parsing        : D:/Angular_App/Storybook_with_store/src/app/state/tasklist.state.ts
[09:20:06] found          : actions
[09:20:06] found          : ArchiveTask
[09:20:06] found          : PinTask
[09:20:06] found          : AppError
[09:20:06] found          : defaultTasks
[09:20:06] found          : TaskListStateModel
[09:20:06] found          : TasksState
[09:20:06] parsing        : D:/Angular_App/Storybook_with_store/src/app/storybook-design/storybook-design.component.ts
[09:20:06] found          : StorybookDesignComponent
[09:20:06] parsing        : D:/Angular_App/Storybook_with_store/src/app/storybook-design/storybook-design.stories.ts
[09:20:06] found          : metaDetail
[09:20:06] found          : StoryDetail
[09:20:06] found          : ImportantSteps
[09:20:06] found          : ModifyMetaData
[09:20:06] found          : ImportModules
[09:20:06] found          : FileStructure
[09:20:06] found          : AddStory
[09:20:06] found          : AddMDX
[09:20:06] found          : ModifyPreview
[09:20:06] found          : GitComamnds
[09:20:06] found          : DeployChromatic
[09:20:06] parsing        : D:/Angular_App/Storybook_with_store/src/app/youtube/youtube.component.ts
[09:20:06] found          : YoutubeComponent
[09:20:06] parsing        : D:/Angular_App/Storybook_with_store/src/app/youtube/youtube.stories.ts
[09:20:06] found          : metaDetail
[09:20:06] found          : StoryDetail
[09:20:06] found          : Title
[09:20:06] parsing        : D:/Angular_App/Storybook_with_store/src/app/components/inbox-screen/inbox-screen.component.ts
[09:20:06] found          : InboxScreenComponent
[09:20:06] parsing        : D:/Angular_App/Storybook_with_store/src/app/components/pure-inbox-screen/pure-inbox-screen.component.ts
[09:20:06] found          : PureInboxScreenComponent
[09:20:06] parsing        : D:/Angular_App/Storybook_with_store/src/app/components/pure-inbox-screen/pure-inbox-screen.stories.ts
[09:20:06] found          : meta
[09:20:06] found          : Story
[09:20:06] found          : Default
[09:20:06] found          : Error
[09:20:06] parsing        : D:/Angular_App/Storybook_with_store/src/app/components/pure-task/pure-task.component.ts
[09:20:06] found          : PureTaskComponent
[09:20:06] parsing        : D:/Angular_App/Storybook_with_store/src/app/components/pure-task/task.stories.ts
[09:20:06] found          : meta
[09:20:06] found          : Story
[09:20:06] found          : actionsData
[09:20:06] found          : DefaultTask
[09:20:06] found          : Pinned
[09:20:06] found          : Archived
[09:20:06] found          : longTitleString
[09:20:06] found          : LongTitle
[09:20:06] parsing        : D:/Angular_App/Storybook_with_store/src/app/components/pure-tasklist/pure-tasklist.component.ts
[09:20:06] found          : PureTaskListComponent
[09:20:06] parsing        : D:/Angular_App/Storybook_with_store/src/app/components/pure-tasklist/pure-tasklist.stories.ts
[09:20:06] found          : metaDetail
[09:20:06] found          : tasklistStyleStory
[09:20:06] found          : Template
[09:20:06] found          : Default
[09:20:06] found          : WithPinnedTasks
[09:20:06] found          : Loading
[09:20:06] found          : Empty
[09:20:06] parsing        : D:/Angular_App/Storybook_with_store/src/app/components/task/task.component.ts
[09:20:06] found          : TaskComponent
[09:20:06] parsing        : D:/Angular_App/Storybook_with_store/src/app/components/tasklist/tasklist.component.ts
[09:20:06] found          : TaskListComponent
[09:20:06] -------------------
[09:20:06] Project statistics 
[09:20:06] - files      : 33
[09:20:06] - module     : 3
[09:20:06] - component  : 13
[09:20:06] - injectable : 2
[09:20:06] - class      : 3
[09:20:06] - interface  : 3
[09:20:06] -------------------
[09:20:06] Prepare components
[09:20:06]  AppComponent has a templateUrl, include it
[09:20:06]  AppComponent has styleUrls, include them
[09:20:06]  HideComponent has a templateUrl, include it
[09:20:06]  MarkdownComponent has a templateUrl, include it
[09:20:06]  MermaidComponent has a templateUrl, include it
[09:20:06]  NgxsComponent has a templateUrl, include it
[09:20:06]  PureTaskComponent has a templateUrl, include it
[09:20:06]  PureTaskComponent has styleUrls, include them
[09:20:06]  PureTaskListComponent has a templateUrl, include it
[09:20:06]  PureTaskListComponent has styleUrls, include them
[09:20:06]  StorybookDesignComponent has a templateUrl, include it
[09:20:06]  TaskComponent has a templateUrl, include it
[09:20:06]  TaskComponent has styleUrls, include them
[09:20:06]  YoutubeComponent has a templateUrl, include it
[09:20:06] Prepare modules
[09:20:06] Prepare injectables
[09:20:06] Process routes
[09:20:06] Prepare classes
[09:20:06] Prepare interfaces
[09:20:06] Prepare miscellaneous
[09:20:06] Process documentation coverage report
[09:20:06] Generating documentation in export format json
[09:20:06] Documentation generated in ./ in 0.565 seconds
info => Cleaning outputDir: C:\\Users\\binge\\AppData\\Local\\Temp\\chromatic--24868-DhvKhfbLwv5t

info => Loading presets
info => Building manager..
info => Manager built (259 ms)
info => Compiling preview..
info => Copying static files: D:\Angular_App\Storybook_with_store\node_modules\@storybook\manager\static at C:\Users\binge\AppData\Local\Temp\chromatic--24868-DhvKhfbLwv5t\sb-common-assets
info Addon-docs: using MDX2
info => Using implicit CSS loaders
info => Using angular browser target options from "store:build"
info => Using angular project with "tsConfig:D:\Angular_App\Storybook_with_store\.storybook\tsconfig.json"
info => Using default Webpack5 setup
<s> [webpack.Progress] 0% 

<s> [webpack.Progress] 1% setup before run
<s> [webpack.Progress] 1% setup before run NodeEnvironmentPlugin
<s> [webpack.Progress] 1% setup before run
<s> [webpack.Progress] 2% setup run
<s> [webpack.Progress] 2% setup run
<s> [webpack.Progress] 4% setup normal module factory
<s> [webpack.Progress] 4% setup normal module factory CaseSensitivePathsPlugin
<s> [webpack.Progress] 4% setup normal module factory
<s> [webpack.Progress] 5% setup context module factory
<s> [webpack.Progress] 5% setup context module factory
<s> [webpack.Progress] 6% setup before compile
<s> [webpack.Progress] 6% setup before compile angular-compiler
<s> [webpack.Progress] 6% setup before compile ProgressPlugin
<s> [webpack.Progress] 6% setup before compile
<s> [webpack.Progress] 7% setup compile
<s> [webpack.Progress] 7% setup compile ExternalsPlugin
<s> [webpack.Progress] 7% setup compile ExternalsPlugin
<s> [webpack.Progress] 7% setup compile
<s> [webpack.Progress] 8% setup compilation
<s> [webpack.Progress] 8% setup compilation angular-occurrences-plugin
<s> [webpack.Progress] 8% setup compilation scripts-webpack-plugin
<s> [webpack.Progress] 8% setup compilation angular-compiler
<s> [webpack.Progress] 8% setup compilation styles-webpack-plugin
<s> [webpack.Progress] 8% setup compilation mini-css-extract-plugin
<s> [webpack.Progress] 8% setup compilation unplugin-csf
<s> [webpack.Progress] 8% setup compilation storybook-normalize-angular-entry-plugin
<s> [webpack.Progress] 8% setup compilation ArrayPushCallbackChunkFormatPlugin
<s> [webpack.Progress] 8% setup compilation JsonpChunkLoadingPlugin
<s> [webpack.Progress] 8% setup compilation StartupChunkDependenciesPlugin
<s> [webpack.Progress] 8% setup compilation ImportScriptsChunkLoadingPlugin
<s> [webpack.Progress] 8% setup compilation FetchCompileWasmPlugin
<s> [webpack.Progress] 8% setup compilation FetchCompileAsyncWasmPlugin
<s> [webpack.Progress] 8% setup compilation WorkerPlugin
<s> [webpack.Progress] 8% setup compilation SplitChunksPlugin
<s> [webpack.Progress] 8% setup compilation RuntimeChunkPlugin
<s> [webpack.Progress] 8% setup compilation ResolverCachePlugin
<s> [webpack.Progress] 8% setup compilation HtmlWebpackPlugin
<s> [webpack.Progress] 8% setup compilation
<s> [webpack.Progress] 9% setup compilation
<s> [webpack.Progress] 9% setup compilation named-chunks-plugin
<s> [webpack.Progress] 9% setup compilation DedupeModuleResolvePlugin
<s> [webpack.Progress] 9% setup compilation AnyComponentStyleBudgetChecker
<s> [webpack.Progress] 9% setup compilation mini-css-extract-plugin
<s> [webpack.Progress] 9% setup compilation SuppressExtractedTextChunks
<s> [webpack.Progress] 9% setup compilation DefinePlugin
<s> [webpack.Progress] 9% setup compilation ProvidePlugin
<s> [webpack.Progress] 9% setup compilation ProgressPlugin
<s> [webpack.Progress] 9% setup compilation ChunkPrefetchPreloadPlugin
<s> [webpack.Progress] 9% setup compilation SourceMapDevToolPlugin
<s> [webpack.Progress] 9% setup compilation JavascriptModulesPlugin
<s> [webpack.Progress] 9% setup compilation JsonModulesPlugin
<s> [webpack.Progress] 9% setup compilation AssetModulesPlugin
<s> [webpack.Progress] 9% setup compilation DynamicEntryPlugin
<s> [webpack.Progress] 9% setup compilation RuntimePlugin
<s> [webpack.Progress] 9% setup compilation InferAsyncModulesPlugin
<s> [webpack.Progress] 9% setup compilation DataUriPlugin
<s> [webpack.Progress] 9% setup compilation FileUriPlugin
<s> [webpack.Progress] 9% setup compilation CompatibilityPlugin
<s> [webpack.Progress] 9% setup compilation HarmonyModulesPlugin
<s> [webpack.Progress] 9% setup compilation AMDPlugin
<s> [webpack.Progress] 9% setup compilation RequireJsStuffPlugin
<s> [webpack.Progress] 9% setup compilation CommonJsPlugin
<s> [webpack.Progress] 9% setup compilation LoaderPlugin
<s> [webpack.Progress] 9% setup compilation LoaderPlugin
<s> [webpack.Progress] 9% setup compilation NodeStuffPlugin
<s> [webpack.Progress] 9% setup compilation APIPlugin
<s> [webpack.Progress] 9% setup compilation ExportsInfoApiPlugin
<s> [webpack.Progress] 9% setup compilation WebpackIsIncludedPlugin
<s> [webpack.Progress] 9% setup compilation ConstPlugin
<s> [webpack.Progress] 9% setup compilation UseStrictPlugin
<s> [webpack.Progress] 9% setup compilation RequireIncludePlugin
<s> [webpack.Progress] 9% setup compilation RequireEnsurePlugin
<s> [webpack.Progress] 9% setup compilation RequireContextPlugin
<s> [webpack.Progress] 9% setup compilation ImportPlugin
<s> [webpack.Progress] 9% setup compilation ImportMetaContextPlugin
<s> [webpack.Progress] 9% setup compilation SystemPlugin
<s> [webpack.Progress] 9% setup compilation ImportMetaPlugin
<s> [webpack.Progress] 9% setup compilation URLPlugin
<s> [webpack.Progress] 9% setup compilation DefaultStatsFactoryPlugin
<s> [webpack.Progress] 9% setup compilation DefaultStatsPresetPlugin
<s> [webpack.Progress] 9% setup compilation DefaultStatsPrinterPlugin
<s> [webpack.Progress] 9% setup compilation JavascriptMetaInfoPlugin
<s> [webpack.Progress] 9% setup compilation EnsureChunkConditionsPlugin
<s> [webpack.Progress] 9% setup compilation RemoveEmptyChunksPlugin
<s> [webpack.Progress] 9% setup compilation MergeDuplicateChunksPlugin
<s> [webpack.Progress] 9% setup compilation FlagIncludedChunksPlugin
<s> [webpack.Progress] 9% setup compilation SideEffectsFlagPlugin
<s> [webpack.Progress] 9% setup compilation FlagDependencyExportsPlugin
<s> [webpack.Progress] 9% setup compilation FlagDependencyUsagePlugin
<s> [webpack.Progress] 9% setup compilation InnerGraphPlugin
<s> [webpack.Progress] 9% setup compilation MangleExportsPlugin
<s> [webpack.Progress] 9% setup compilation ModuleConcatenationPlugin
<s> [webpack.Progress] 9% setup compilation NoEmitOnErrorsPlugin
<s> [webpack.Progress] 9% setup compilation RealContentHashPlugin
<s> [webpack.Progress] 9% setup compilation WasmFinalizeExportsPlugin
<s> [webpack.Progress] 9% setup compilation NamedModuleIdsPlugin
<s> [webpack.Progress] 9% setup compilation DeterministicChunkIdsPlugin
<s> [webpack.Progress] 9% setup compilation DefinePlugin
<s> [webpack.Progress] 9% setup compilation TerserPlugin
<s> [webpack.Progress] 9% setup compilation TemplatedPathPlugin
<s> [webpack.Progress] 9% setup compilation RecordIdsPlugin
<s> [webpack.Progress] 9% setup compilation WarnCaseSensitiveModulesPlugin
<s> [webpack.Progress] 9% setup compilation IgnoreWarningsPlugin
<s> [webpack.Progress] 9% setup compilation
<s> [webpack.Progress] 10% building
<s> [webpack.Progress] 10% building 0/1 entries 0/0 dependencies 0/0 modules
<s> [webpack.Progress] 10% building import loader ./node_modules/mini-css-extract-plugin/dist/loader.js
<s> [webpack.Progress] 10% building import loader ./node_modules/css-loader/dist/cjs.js
<s> [webpack.Progress] 10% building import loader ./node_modules/postcss-loader/dist/cjs.js
<s> [webpack.Progress] 10% building 0/8 entries 1/8 dependencies 0/1 modules
<s> [webpack.Progress] 10% building import loader ./node_modules/@angular-devkit/build-angular/src/babel/webpack-loader.js
<s> [webpack.Progress] 10% building 0/8 entries 11/13 dependencies 0/11 modules
<s> [webpack.Progress] 16% building 1/8 entries 21/21 dependencies 1/15 modules
<s> [webpack.Progress] 23% building 2/8 entries 31/43 dependencies 12/23 modules
<s> [webpack.Progress] 30% building 3/8 entries 31/43 dependencies 14/23 modules
<s> [webpack.Progress] 37% building 4/8 entries 31/43 dependencies 16/23 modules
<s> [webpack.Progress] 44% building 5/8 entries 31/43 dependencies 18/23 modules
<s> [webpack.Progress] 49% building 6/8 entries 33/46 dependencies 19/25 modules
<s> [webpack.Progress] 46% building 7/8 entries 46/70 dependencies 22/36 modules
<s> [webpack.Progress] 46% building import loader ./node_modules/@ngtools/webpack/src/ivy/index.js
<s> [webpack.Progress] 46% building 7/8 entries 47/70 dependencies 22/37 modules
<s> [webpack.Progress] 48% building import loader ./node_modules/@storybook/mdx2-csf/loader.js
<s> [webpack.Progress] 48% building 7/8 entries 65/93 dependencies 24/53 modules
<s> [webpack.Progress] 52% building import loader ./node_modules/unplugin/dist/webpack/loaders/load.js
<s> [webpack.Progress] 52% building 7/8 entries 102/132 dependencies 28/64 modules
<s> [webpack.Progress] 53% building 7/8 entries 223/279 dependencies 36/124 modules
<s> [webpack.Progress] 54% building 7/8 entries 300/368 dependencies 70/137 modules
<s> [webpack.Progress] 58% building 7/8 entries 400/422 dependencies 84/165 modules
<s> [webpack.Progress] 58% building 7/8 entries 1014/1100 dependencies 94/541 modules
<s> [webpack.Progress] 58% building 7/8 entries 1600/1632 dependencies 133/655 modules
<s> [webpack.Progress] 58% building 7/8 entries 2188/2223 dependencies 173/700 modules
<s> [webpack.Progress] 58% building 7/8 entries 2490/2500 dependencies 328/789 modules
<s> [webpack.Progress] 58% building 7/8 entries 2995/3000 dependencies 859/898 modules
<s> [webpack.Progress] 65% building 8/8 entries 3012/3012 dependencies 903/903 modules
<s> [webpack.Progress] 65% building
<s> [webpack.Progress] 69% building finish
<s> [webpack.Progress] 69% building finish
<s> [webpack.Progress] 70% sealing finish module graph
<s> [webpack.Progress] 70% sealing finish module graph angular-compiler
<s> [webpack.Progress] 70% sealing finish module graph ResolverCachePlugin
<s> [webpack.Progress] 70% sealing finish module graph InferAsyncModulesPlugin
<s> [webpack.Progress] 70% sealing finish module graph FlagDependencyExportsPlugin
<s> [webpack.Progress] 70% sealing finish module graph InnerGraphPlugin
<s> [webpack.Progress] 70% sealing finish module graph WasmFinalizeExportsPlugin
<s> [webpack.Progress] 70% sealing finish module graph
<s> [webpack.Progress] 70% sealing plugins
<s> [webpack.Progress] 70% sealing plugins WarnCaseSensitiveModulesPlugin
<s> [webpack.Progress] 70% sealing plugins
<s> [webpack.Progress] 71% sealing dependencies optimization
<s> [webpack.Progress] 71% sealing dependencies optimization SideEffectsFlagPlugin
<s> [webpack.Progress] 71% sealing dependencies optimization FlagDependencyUsagePlugin
<s> [webpack.Progress] 71% sealing dependencies optimization
<s> [webpack.Progress] 71% sealing after dependencies optimization
<s> [webpack.Progress] 71% sealing after dependencies optimization
<s> [webpack.Progress] 72% sealing chunk graph
<s> [webpack.Progress] 72% sealing chunk graph
<s> [webpack.Progress] 73% sealing after chunk graph
<s> [webpack.Progress] 73% sealing after chunk graph
<s> [webpack.Progress] 73% sealing optimizing
<s> [webpack.Progress] 73% sealing optimizing
<s> [webpack.Progress] 74% sealing module optimization
<s> [webpack.Progress] 74% sealing module optimization
<s> [webpack.Progress] 75% sealing after module optimization
<s> [webpack.Progress] 75% sealing after module optimization
<s> [webpack.Progress] 75% sealing chunk optimization
<s> [webpack.Progress] 75% sealing chunk optimization EnsureChunkConditionsPlugin
<s> [webpack.Progress] 75% sealing chunk optimization RemoveEmptyChunksPlugin
<s> [webpack.Progress] 75% sealing chunk optimization MergeDuplicateChunksPlugin
<s> [webpack.Progress] 75% sealing chunk optimization SplitChunksPlugin
<s> [webpack.Progress] 75% sealing chunk optimization RemoveEmptyChunksPlugin
<s> [webpack.Progress] 75% sealing chunk optimization
<s> [webpack.Progress] 76% sealing after chunk optimization
<s> [webpack.Progress] 76% sealing after chunk optimization
<s> [webpack.Progress] 77% sealing module and chunk tree optimization
<s> [webpack.Progress] 77% sealing module and chunk tree optimization PersistentChildCompilerSingletonPlugin
<s> [webpack.Progress] 77% sealing module and chunk tree optimization
<s> [webpack.Progress] 77% sealing after module and chunk tree optimization
<s> [webpack.Progress] 77% sealing after module and chunk tree optimization
<s> [webpack.Progress] 78% sealing chunk modules optimization
<s> [webpack.Progress] 78% sealing chunk modules optimization ModuleConcatenationPlugin
<s> [webpack.Progress] 78% sealing chunk modules optimization
<s> [webpack.Progress] 78% sealing after chunk modules optimization
<s> [webpack.Progress] 78% sealing after chunk modules optimization
<s> [webpack.Progress] 79% sealing module reviving
<s> [webpack.Progress] 79% sealing module reviving RecordIdsPlugin
<s> [webpack.Progress] 79% sealing module reviving
<s> [webpack.Progress] 80% sealing before module ids
<s> [webpack.Progress] 80% sealing before module ids
<s> [webpack.Progress] 80% sealing module ids
<s> [webpack.Progress] 80% sealing module ids NamedModuleIdsPlugin
<s> [webpack.Progress] 80% sealing module ids
<s> [webpack.Progress] 81% sealing module id optimization
<s> [webpack.Progress] 81% sealing module id optimization
<s> [webpack.Progress] 82% sealing module id optimization
<s> [webpack.Progress] 82% sealing module id optimization
<s> [webpack.Progress] 82% sealing chunk reviving
<s> [webpack.Progress] 82% sealing chunk reviving RecordIdsPlugin
<s> [webpack.Progress] 82% sealing chunk reviving
<s> [webpack.Progress] 83% sealing before chunk ids
<s> [webpack.Progress] 83% sealing before chunk ids
<s> [webpack.Progress] 84% sealing chunk ids
<s> [webpack.Progress] 84% sealing chunk ids DeterministicChunkIdsPlugin
<s> [webpack.Progress] 84% sealing chunk ids
<s> [webpack.Progress] 84% sealing chunk id optimization
<s> [webpack.Progress] 84% sealing chunk id optimization FlagIncludedChunksPlugin
<s> [webpack.Progress] 84% sealing chunk id optimization
<s> [webpack.Progress] 85% sealing after chunk id optimization
<s> [webpack.Progress] 85% sealing after chunk id optimization
<s> [webpack.Progress] 86% sealing record modules
<s> [webpack.Progress] 86% sealing record modules RecordIdsPlugin
<s> [webpack.Progress] 86% sealing record modules
<s> [webpack.Progress] 86% sealing record chunks
<s> [webpack.Progress] 86% sealing record chunks RecordIdsPlugin
<s> [webpack.Progress] 86% sealing record chunks
<s> [webpack.Progress] 87% sealing module hashing
<s> [webpack.Progress] 87% sealing module hashing
<s> [webpack.Progress] 87% sealing code generation
<s> [webpack.Progress] 87% sealing code generation
<s> [webpack.Progress] 88% sealing runtime requirements
<s> [webpack.Progress] 88% sealing runtime requirements
<s> [webpack.Progress] 89% sealing hashing
<s> [webpack.Progress] 89% sealing hashing
<s> [webpack.Progress] 89% sealing after hashing
<s> [webpack.Progress] 89% sealing after hashing
<s> [webpack.Progress] 90% sealing record hash
<s> [webpack.Progress] 90% sealing record hash
<s> [webpack.Progress] 91% sealing module assets processing
<s> [webpack.Progress] 91% sealing module assets processing
<s> [webpack.Progress] 91% sealing chunk assets processing
<s> [webpack.Progress] 91% sealing chunk assets processing
<s> [webpack.Progress] 92% sealing asset processing
<s> [webpack.Progress] 92% sealing asset processing scripts-webpack-plugin
<s> [webpack.Progress] 92% sealing asset processing PersistentChildCompilerSingletonPlugin
<s> [webpack.Progress] 92% sealing asset processing TerserPlugin
<s> [webpack.Progress] 92% sealing asset processing scripts-webpack-plugin
<s> [webpack.Progress] 92% sealing asset processing SourceMapDevToolPlugin
<s> [webpack.Progress] 92% sealing asset processing SourceMapDevToolPlugin
<s> [webpack.Progress] 92% sealing asset processing SourceMapDevToolPlugin main.a9ae8affdd5f117afd7d.css generate SourceMap
<s> [webpack.Progress] 92% sealing asset processing SourceMapDevToolPlugin main.a9ae8affdd5f117afd7d.css generated SourceMap
<s> [webpack.Progress] 92% sealing asset processing SourceMapDevToolPlugin main.f9c03678.iframe.bundle.js generate SourceMap
<s> [webpack.Progress] 92% sealing asset processing SourceMapDevToolPlugin main.f9c03678.iframe.bundle.js generated SourceMap
<s> [webpack.Progress] 92% sealing asset processing SourceMapDevToolPlugin runtime~main.35670955.iframe.bundle.js generate SourceMap
<s> [webpack.Progress] 92% sealing asset processing SourceMapDevToolPlugin runtime~main.35670955.iframe.bundle.js generated SourceMap
<s> [webpack.Progress] 92% sealing asset processing SourceMapDevToolPlugin app-components-pure-inbox-screen-pure-inbox-screen-mdx.6b9d03d6.iframe.bundle.js generate SourceMap
<s> [webpack.Progress] 92% sealing asset processing SourceMapDevToolPlugin app-components-pure-inbox-screen-pure-inbox-screen-mdx.6b9d03d6.iframe.bundle.js generated SourceMap
<s> [webpack.Progress] 92% sealing asset processing SourceMapDevToolPlugin app-components-pure-task-task-mdx.1848239c.iframe.bundle.js generate SourceMap
<s> [webpack.Progress] 92% sealing asset processing SourceMapDevToolPlugin app-components-pure-task-task-mdx.1848239c.iframe.bundle.js generated SourceMap
<s> [webpack.Progress] 92% sealing asset processing SourceMapDevToolPlugin app-components-pure-tasklist-pure-tasklist-mdx.c08c8568.iframe.bundle.js generate SourceMap
<s> [webpack.Progress] 92% sealing asset processing SourceMapDevToolPlugin app-components-pure-tasklist-pure-tasklist-mdx.c08c8568.iframe.bundle.js generated SourceMap
<s> [webpack.Progress] 92% sealing asset processing SourceMapDevToolPlugin app-components-pure-inbox-screen-pure-inbox-screen-stories.b633c223.iframe.bundle.js generate SourceMap
<s> [webpack.Progress] 92% sealing asset processing SourceMapDevToolPlugin app-components-pure-inbox-screen-pure-inbox-screen-stories.b633c223.iframe.bundle.js generated SourceMap
<s> [webpack.Progress] 92% sealing asset processing SourceMapDevToolPlugin app-components-pure-task-task-stories.de948569.iframe.bundle.js generate SourceMap
<s> [webpack.Progress] 92% sealing asset processing SourceMapDevToolPlugin app-components-pure-task-task-stories.de948569.iframe.bundle.js generated SourceMap
<s> [webpack.Progress] 92% sealing asset processing SourceMapDevToolPlugin app-components-pure-tasklist-pure-tasklist-stories.0dd5fb82.iframe.bundle.js generate SourceMap
<s> [webpack.Progress] 92% sealing asset processing SourceMapDevToolPlugin app-components-pure-tasklist-pure-tasklist-stories.0dd5fb82.iframe.bundle.js generated SourceMap
<s> [webpack.Progress] 92% sealing asset processing SourceMapDevToolPlugin app-hide-hide-stories.c894b4ed.iframe.bundle.js generate SourceMap
<s> [webpack.Progress] 92% sealing asset processing SourceMapDevToolPlugin app-hide-hide-stories.c894b4ed.iframe.bundle.js generated SourceMap
<s> [webpack.Progress] 92% sealing asset processing SourceMapDevToolPlugin app-markdown-markdown-stories.c1fdc7e9.iframe.bundle.js generate SourceMap
<s> [webpack.Progress] 92% sealing asset processing SourceMapDevToolPlugin app-markdown-markdown-stories.c1fdc7e9.iframe.bundle.js generated SourceMap
<s> [webpack.Progress] 92% sealing asset processing SourceMapDevToolPlugin app-mermaid-mermaid-stories.cfb58017.iframe.bundle.js generate SourceMap
<s> [webpack.Progress] 92% sealing asset processing SourceMapDevToolPlugin app-mermaid-mermaid-stories.cfb58017.iframe.bundle.js generated SourceMap
<s> [webpack.Progress] 92% sealing asset processing SourceMapDevToolPlugin app-ngxs-ngxs-stories.2d8791b3.iframe.bundle.js generate SourceMap
<s> [webpack.Progress] 92% sealing asset processing SourceMapDevToolPlugin app-ngxs-ngxs-stories.2d8791b3.iframe.bundle.js generated SourceMap
<s> [webpack.Progress] 92% sealing asset processing SourceMapDevToolPlugin app-storybook-design-storybook-design-stories.4eb7117c.iframe.bundle.js generate SourceMap
<s> [webpack.Progress] 92% sealing asset processing SourceMapDevToolPlugin app-storybook-design-storybook-design-stories.4eb7117c.iframe.bundle.js generated SourceMap
<s> [webpack.Progress] 92% sealing asset processing SourceMapDevToolPlugin app-youtube-youtube-stories.2b2dda13.iframe.bundle.js generate SourceMap
<s> [webpack.Progress] 92% sealing asset processing SourceMapDevToolPlugin app-youtube-youtube-stories.2b2dda13.iframe.bundle.js generated SourceMap
<s> [webpack.Progress] 92% sealing asset processing SourceMapDevToolPlugin 129.e158a01b.iframe.bundle.js generate SourceMap
<s> [webpack.Progress] 92% sealing asset processing SourceMapDevToolPlugin 129.e158a01b.iframe.bundle.js generated SourceMap
<s> [webpack.Progress] 92% sealing asset processing SourceMapDevToolPlugin 882.b5c90882.iframe.bundle.js generate SourceMap
<s> [webpack.Progress] 92% sealing asset processing SourceMapDevToolPlugin 882.b5c90882.iframe.bundle.js generated SourceMap
<s> [webpack.Progress] 92% sealing asset processing SourceMapDevToolPlugin 384.e2232fa6.iframe.bundle.js generate SourceMap
<s> [webpack.Progress] 92% sealing asset processing SourceMapDevToolPlugin 384.e2232fa6.iframe.bundle.js generated SourceMap
<s> [webpack.Progress] 92% sealing asset processing SourceMapDevToolPlugin 123.f1395a94.iframe.bundle.js generate SourceMap
<s> [webpack.Progress] 92% sealing asset processing SourceMapDevToolPlugin 123.f1395a94.iframe.bundle.js generated SourceMap
<s> [webpack.Progress] 92% sealing asset processing SourceMapDevToolPlugin 909.6a298074.iframe.bundle.js generate SourceMap
<s> [webpack.Progress] 92% sealing asset processing SourceMapDevToolPlugin 909.6a298074.iframe.bundle.js generated SourceMap
<s> [webpack.Progress] 92% sealing asset processing SourceMapDevToolPlugin 583.63bfd88d.iframe.bundle.js generate SourceMap
<s> [webpack.Progress] 92% sealing asset processing SourceMapDevToolPlugin 583.63bfd88d.iframe.bundle.js generated SourceMap
<s> [webpack.Progress] 92% sealing asset processing SourceMapDevToolPlugin 256.ef9ff1b0.iframe.bundle.js generate SourceMap
<s> [webpack.Progress] 92% sealing asset processing SourceMapDevToolPlugin 256.ef9ff1b0.iframe.bundle.js generated SourceMap
<s> [webpack.Progress] 92% sealing asset processing SourceMapDevToolPlugin 568.5310fa2c.iframe.bundle.js generate SourceMap
<s> [webpack.Progress] 92% sealing asset processing SourceMapDevToolPlugin 568.5310fa2c.iframe.bundle.js generated SourceMap
<s> [webpack.Progress] 92% sealing asset processing SourceMapDevToolPlugin 717.3eae333c.iframe.bundle.js generate SourceMap
<s> [webpack.Progress] 92% sealing asset processing SourceMapDevToolPlugin 717.3eae333c.iframe.bundle.js generated SourceMap
<s> [webpack.Progress] 92% sealing asset processing SourceMapDevToolPlugin 641.c0c6175f.iframe.bundle.js generate SourceMap
<s> [webpack.Progress] 92% sealing asset processing SourceMapDevToolPlugin 641.c0c6175f.iframe.bundle.js generated SourceMap
<s> [webpack.Progress] 92% sealing asset processing SourceMapDevToolPlugin 854.d93459be.iframe.bundle.js generate SourceMap
<s> [webpack.Progress] 92% sealing asset processing SourceMapDevToolPlugin 854.d93459be.iframe.bundle.js generated SourceMap
<s> [webpack.Progress] 92% sealing asset processing SourceMapDevToolPlugin 627.f60f37ab.iframe.bundle.js generate SourceMap
<s> [webpack.Progress] 92% sealing asset processing SourceMapDevToolPlugin 627.f60f37ab.iframe.bundle.js generated SourceMap
<s> [webpack.Progress] 92% sealing asset processing SourceMapDevToolPlugin 715.808ecf8d.iframe.bundle.js generate SourceMap
<s> [webpack.Progress] 92% sealing asset processing SourceMapDevToolPlugin 715.808ecf8d.iframe.bundle.js generated SourceMap
<s> [webpack.Progress] 92% sealing asset processing SourceMapDevToolPlugin scripts.2bfa6d8abb569643.js generate SourceMap
<s> [webpack.Progress] 92% sealing asset processing SourceMapDevToolPlugin scripts.2bfa6d8abb569643.js generated SourceMap
<s> [webpack.Progress] 92% sealing asset processing SourceMapDevToolPlugin resolve sources
<s> [webpack.Progress] 92% sealing asset processing SourceMapDevToolPlugin 123.f1395a94.iframe.bundle.js attach SourceMap
<s> [webpack.Progress] 92% sealing asset processing SourceMapDevToolPlugin 123.f1395a94.iframe.bundle.js attached SourceMap
<s> [webpack.Progress] 92% sealing asset processing SourceMapDevToolPlugin 641.c0c6175f.iframe.bundle.js attach SourceMap
<s> [webpack.Progress] 92% sealing asset processing SourceMapDevToolPlugin 641.c0c6175f.iframe.bundle.js attached SourceMap
<s> [webpack.Progress] 92% sealing asset processing SourceMapDevToolPlugin 627.f60f37ab.iframe.bundle.js attach SourceMap
<s> [webpack.Progress] 92% sealing asset processing SourceMapDevToolPlugin 627.f60f37ab.iframe.bundle.js attached SourceMap
<s> [webpack.Progress] 92% sealing asset processing SourceMapDevToolPlugin
<s> [webpack.Progress] 92% sealing asset processing SourceMapDevToolPlugin
<s> [webpack.Progress] 92% sealing asset processing SourceMapDevToolPlugin resolve sources
<s> [webpack.Progress] 92% sealing asset processing SourceMapDevToolPlugin
<s> [webpack.Progress] 92% sealing asset processing HtmlWebpackPlugin
<s> [webpack.Progress] 92% sealing asset processing HtmlWebpackPlugin
<s> [webpack.Progress] 92% sealing asset processing HtmlWebpackPlugin resolve sources
<s> [webpack.Progress] 92% sealing asset processing HtmlWebpackPlugin
<s> [webpack.Progress] 92% sealing asset processing RealContentHashPlugin
<s> [webpack.Progress] 92% sealing asset processing RealContentHashPlugin
<s> [webpack.Progress] 92% sealing asset processing RealContentHashPlugin main.ce5292427286bb3b5123.css generate SourceMap
<s> [webpack.Progress] 92% sealing asset processing RealContentHashPlugin main.ce5292427286bb3b5123.css generated SourceMap
<s> [webpack.Progress] 92% sealing asset processing RealContentHashPlugin main.71876272.iframe.bundle.js generate SourceMap
<s> [webpack.Progress] 92% sealing asset processing RealContentHashPlugin main.71876272.iframe.bundle.js generated SourceMap
<s> [webpack.Progress] 92% sealing asset processing RealContentHashPlugin runtime~main.a90989df.iframe.bundle.js generate SourceMap
<s> [webpack.Progress] 92% sealing asset processing RealContentHashPlugin runtime~main.a90989df.iframe.bundle.js generated SourceMap
<s> [webpack.Progress] 92% sealing asset processing RealContentHashPlugin app-components-pure-inbox-screen-pure-inbox-screen-stories.865decfc.iframe.bundle.js generate SourceMap
<s> [webpack.Progress] 92% sealing asset processing RealContentHashPlugin app-components-pure-inbox-screen-pure-inbox-screen-stories.865decfc.iframe.bundle.js generated SourceMap
<s> [webpack.Progress] 92% sealing asset processing RealContentHashPlugin app-components-pure-task-task-stories.f8c62d45.iframe.bundle.js generate SourceMap
<s> [webpack.Progress] 92% sealing asset processing RealContentHashPlugin app-components-pure-task-task-stories.f8c62d45.iframe.bundle.js generated SourceMap
<s> [webpack.Progress] 92% sealing asset processing RealContentHashPlugin app-components-pure-tasklist-pure-tasklist-stories.6297f9ed.iframe.bundle.js generate SourceMap
<s> [webpack.Progress] 92% sealing asset processing RealContentHashPlugin app-components-pure-tasklist-pure-tasklist-stories.6297f9ed.iframe.bundle.js generated SourceMap
<s> [webpack.Progress] 92% sealing asset processing RealContentHashPlugin app-hide-hide-stories.99315368.iframe.bundle.js generate SourceMap
<s> [webpack.Progress] 92% sealing asset processing RealContentHashPlugin app-hide-hide-stories.99315368.iframe.bundle.js generated SourceMap
<s> [webpack.Progress] 92% sealing asset processing RealContentHashPlugin app-markdown-markdown-stories.b114f420.iframe.bundle.js generate SourceMap
<s> [webpack.Progress] 92% sealing asset processing RealContentHashPlugin app-markdown-markdown-stories.b114f420.iframe.bundle.js generated SourceMap
<s> [webpack.Progress] 92% sealing asset processing RealContentHashPlugin app-mermaid-mermaid-stories.5af1fb71.iframe.bundle.js generate SourceMap
<s> [webpack.Progress] 92% sealing asset processing RealContentHashPlugin app-mermaid-mermaid-stories.5af1fb71.iframe.bundle.js generated SourceMap
<s> [webpack.Progress] 92% sealing asset processing RealContentHashPlugin app-ngxs-ngxs-stories.b4cc10dc.iframe.bundle.js generate SourceMap
<s> [webpack.Progress] 92% sealing asset processing RealContentHashPlugin app-ngxs-ngxs-stories.b4cc10dc.iframe.bundle.js generated SourceMap
<s> [webpack.Progress] 92% sealing asset processing RealContentHashPlugin app-storybook-design-storybook-design-stories.45f7d1ea.iframe.bundle.js generate SourceMap
<s> [webpack.Progress] 92% sealing asset processing RealContentHashPlugin app-storybook-design-storybook-design-stories.45f7d1ea.iframe.bundle.js generated SourceMap
<s> [webpack.Progress] 92% sealing asset processing RealContentHashPlugin app-youtube-youtube-stories.0c71bd01.iframe.bundle.js generate SourceMap
<s> [webpack.Progress] 92% sealing asset processing RealContentHashPlugin app-youtube-youtube-stories.0c71bd01.iframe.bundle.js generated SourceMap
<s> [webpack.Progress] 92% sealing asset processing RealContentHashPlugin 129.47bd9408.iframe.bundle.js generate SourceMap
<s> [webpack.Progress] 92% sealing asset processing RealContentHashPlugin 129.47bd9408.iframe.bundle.js generated SourceMap
<s> [webpack.Progress] 92% sealing asset processing RealContentHashPlugin 882.7b246fe8.iframe.bundle.js generate SourceMap
<s> [webpack.Progress] 92% sealing asset processing RealContentHashPlugin 882.7b246fe8.iframe.bundle.js generated SourceMap
<s> [webpack.Progress] 92% sealing asset processing RealContentHashPlugin 384.733ac096.iframe.bundle.js generate SourceMap
<s> [webpack.Progress] 92% sealing asset processing RealContentHashPlugin 384.733ac096.iframe.bundle.js generated SourceMap
<s> [webpack.Progress] 92% sealing asset processing RealContentHashPlugin 909.a03881ad.iframe.bundle.js generate SourceMap
<s> [webpack.Progress] 92% sealing asset processing RealContentHashPlugin 909.a03881ad.iframe.bundle.js generated SourceMap
<s> [webpack.Progress] 92% sealing asset processing RealContentHashPlugin 583.0a28a88d.iframe.bundle.js generate SourceMap
<s> [webpack.Progress] 92% sealing asset processing RealContentHashPlugin 583.0a28a88d.iframe.bundle.js generated SourceMap
<s> [webpack.Progress] 92% sealing asset processing RealContentHashPlugin 256.f6470aec.iframe.bundle.js generate SourceMap
<s> [webpack.Progress] 92% sealing asset processing RealContentHashPlugin 256.f6470aec.iframe.bundle.js generated SourceMap
<s> [webpack.Progress] 92% sealing asset processing RealContentHashPlugin 568.961a7f75.iframe.bundle.js generate SourceMap
<s> [webpack.Progress] 92% sealing asset processing RealContentHashPlugin 568.961a7f75.iframe.bundle.js generated SourceMap
<s> [webpack.Progress] 92% sealing asset processing RealContentHashPlugin 717.12527b64.iframe.bundle.js generate SourceMap
<s> [webpack.Progress] 92% sealing asset processing RealContentHashPlugin 717.12527b64.iframe.bundle.js generated SourceMap
<s> [webpack.Progress] 92% sealing asset processing RealContentHashPlugin 854.1e69de17.iframe.bundle.js generate SourceMap
<s> [webpack.Progress] 92% sealing asset processing RealContentHashPlugin 854.1e69de17.iframe.bundle.js generated SourceMap
<s> [webpack.Progress] 92% sealing asset processing RealContentHashPlugin 715.248e8cfd.iframe.bundle.js generate SourceMap
<s> [webpack.Progress] 92% sealing asset processing RealContentHashPlugin 715.248e8cfd.iframe.bundle.js generated SourceMap
<s> [webpack.Progress] 92% sealing asset processing RealContentHashPlugin app-components-pure-inbox-screen-pure-inbox-screen-mdx.93be5369.iframe.bundle.js generate SourceMap
<s> [webpack.Progress] 92% sealing asset processing RealContentHashPlugin app-components-pure-inbox-screen-pure-inbox-screen-mdx.93be5369.iframe.bundle.js generated SourceMap
<s> [webpack.Progress] 92% sealing asset processing RealContentHashPlugin app-components-pure-task-task-mdx.e0ec398f.iframe.bundle.js generate SourceMap
<s> [webpack.Progress] 92% sealing asset processing RealContentHashPlugin app-components-pure-task-task-mdx.e0ec398f.iframe.bundle.js generated SourceMap
<s> [webpack.Progress] 92% sealing asset processing RealContentHashPlugin app-components-pure-tasklist-pure-tasklist-mdx.0138af6e.iframe.bundle.js generate SourceMap
<s> [webpack.Progress] 92% sealing asset processing RealContentHashPlugin app-components-pure-tasklist-pure-tasklist-mdx.0138af6e.iframe.bundle.js generated SourceMap
<s> [webpack.Progress] 92% sealing asset processing RealContentHashPlugin resolve sources
<s> [webpack.Progress] 92% sealing asset processing RealContentHashPlugin
<s> [webpack.Progress] 92% sealing asset processing angular-occurrences-plugin
<s> [webpack.Progress] 92% sealing asset processing AnyComponentStyleBudgetChecker
<s> [webpack.Progress] 92% sealing asset processing
<s> [webpack.Progress] 93% sealing after asset optimization
<s> [webpack.Progress] 93% sealing after asset optimization
<s> [webpack.Progress] 93% sealing recording
<s> [webpack.Progress] 93% sealing recording
<s> [webpack.Progress] 94% sealing after seal
<s> [webpack.Progress] 94% sealing after seal
<s> [webpack.Progress] 95% emitting emit
<s> [webpack.Progress] 95% emitting emit
<s> [webpack.Progress] 98% emitting after emit
<s> [webpack.Progress] 98% emitting after emit SizeLimitsPlugin
<s> [webpack.Progress] 98% emitting after emit
<s> [webpack.Progress] 99% done plugins
<s> [webpack.Progress] 99% done plugins CaseSensitivePathsPlugin
<s> [webpack.Progress] 99% done plugins
<s> [webpack.Progress] 99% 

<s> [webpack.Progress] 99% cache store build dependencies
<s> [webpack.Progress] 99% cache store build dependencies
<s> [webpack.Progress] 99% cache begin idle
<s> [webpack.Progress] 99% cache begin idle
<s> [webpack.Progress] 100% 

info => Preview built (33 s)
WARN Module Warning (from ./node_modules/postcss-loader/dist/cjs.js):
WARN Warning
WARN 
WARN (29:3) autoprefixer: Replace color-adjust to print-color-adjust. The color-adjust shorthand is currently deprecated.
WARN D:/Angular_App/Storybook_with_store/src/app/app-routing.module.ts is part of the TypeScript compilation but it's unused.
WARN Add only entry points to the 'files' or 'include' properties in your tsconfig.
WARN D:/Angular_App/Storybook_with_store/src/app/app.component.ts is part of the TypeScript compilation but it's unused.
WARN Add only entry points to the 'files' or 'include' properties in your tsconfig.
WARN D:/Angular_App/Storybook_with_store/src/app/app.module.ts is part of the TypeScript compilation but it's unused.
WARN Add only entry points to the 'files' or 'include' properties in your tsconfig.
WARN D:/Angular_App/Storybook_with_store/src/app/components/inbox-screen/inbox-screen.component.ts is part of the TypeScript compilation but it's unused.
WARN Add only entry points to the 'files' or 'include' properties in your tsconfig.
WARN D:/Angular_App/Storybook_with_store/src/environments/environment.prod.ts is part of the TypeScript compilation but it's unused.
WARN Add only entry points to the 'files' or 'include' properties in your tsconfig.
WARN D:/Angular_App/Storybook_with_store/src/environments/environment.ts is part of the TypeScript compilation but it's unused.
WARN Add only entry points to the 'files' or 'include' properties in your tsconfig.
WARN D:/Angular_App/Storybook_with_store/src/main.ts is part of the TypeScript compilation but it's unused.
WARN Add only entry points to the 'files' or 'include' properties in your tsconfig.
WARN asset size limit: The following asset(s) exceed the recommended size limit (244 KiB).
WARN This can impact web performance.
WARN Assets: 
WARN   scripts.2bfa6d8abb569643.js (1.25 MiB)
WARN   123.025ffac7.iframe.bundle.js (583 KiB)
WARN   641.04fe04b5.iframe.bundle.js (760 KiB)
WARN   627.649f128c.iframe.bundle.js (2.15 MiB)
WARN entrypoint size limit: The following entrypoint(s) combined asset size exceeds the recommended limit (244 KiB). This can impact web performance.
WARN Entrypoints:
WARN   main (2.39 MiB)
WARN       runtime~main.a90989df.iframe.bundle.js
WARN       627.649f128c.iframe.bundle.js
WARN       main.ce5292427286bb3b5123.css
WARN       main.71876272.iframe.bundle.js
WARN   scripts (1.25 MiB)
WARN       scripts.2bfa6d8abb569643.js
WARN 
<s> [webpack.Progress] 99% cache shutdown
<s> [webpack.Progress] 99% cache shutdown
<s> [webpack.Progress] 100% 

info => Output directory: C:\\Users\\binge\\AppData\\Local\\Temp\\chromatic--24868-DhvKhfbLwv5t
